f:\objectif3d\p3\exo\surcouchecpp\surcouchecpp\surcouchecpp\x64\debug\vc142.pdb
f:\objectif3d\p3\exo\surcouchecpp\surcouchecpp\surcouchecpp\x64\debug\vc142.idb
f:\objectif3d\p3\exo\surcouchecpp\surcouchecpp\surcouchecpp\x64\debug\webcallback.obj
f:\objectif3d\p3\exo\surcouchecpp\surcouchecpp\surcouchecpp\x64\debug\downloadstringcompletedeventargs.obj
f:\objectif3d\p3\exo\surcouchecpp\surcouchecpp\surcouchecpp\x64\debug\downloadnetexception.obj
f:\objectif3d\p3\exo\surcouchecpp\surcouchecpp\surcouchecpp\x64\debug\asynccompletedeventargs.obj
f:\objectif3d\p3\exo\surcouchecpp\surcouchecpp\surcouchecpp\x64\debug\textwriter.obj
f:\objectif3d\p3\exo\surcouchecpp\surcouchecpp\surcouchecpp\x64\debug\textreader.obj
f:\objectif3d\p3\exo\surcouchecpp\surcouchecpp\surcouchecpp\x64\debug\streamwriter.obj
f:\objectif3d\p3\exo\surcouchecpp\surcouchecpp\surcouchecpp\x64\debug\streamreader.obj
f:\objectif3d\p3\exo\surcouchecpp\surcouchecpp\surcouchecpp\x64\debug\path.obj
f:\objectif3d\p3\exo\surcouchecpp\surcouchecpp\surcouchecpp\x64\debug\file.obj
f:\objectif3d\p3\exo\surcouchecpp\surcouchecpp\surcouchecpp\x64\debug\filesysteminfo.obj
f:\objectif3d\p3\exo\surcouchecpp\surcouchecpp\surcouchecpp\x64\debug\filestream.obj
f:\objectif3d\p3\exo\surcouchecpp\surcouchecpp\surcouchecpp\x64\debug\ioexception.obj
f:\objectif3d\p3\exo\surcouchecpp\surcouchecpp\surcouchecpp\x64\debug\drivetype.obj
f:\objectif3d\p3\exo\surcouchecpp\surcouchecpp\surcouchecpp\x64\debug\driveinfo.obj
f:\objectif3d\p3\exo\surcouchecpp\surcouchecpp\surcouchecpp\x64\debug\directoryinfo.obj
f:\objectif3d\p3\exo\surcouchecpp\surcouchecpp\surcouchecpp\x64\debug\directory.obj
f:\objectif3d\p3\exo\surcouchecpp\surcouchecpp\surcouchecpp\x64\debug\process.obj
f:\objectif3d\p3\exo\surcouchecpp\surcouchecpp\surcouchecpp\x64\debug\dictionary.obj
f:\objectif3d\p3\exo\surcouchecpp\surcouchecpp\surcouchecpp\x64\debug\byte.obj
f:\objectif3d\p3\exo\surcouchecpp\surcouchecpp\surcouchecpp\x64\debug\boolean.obj
f:\objectif3d\p3\exo\surcouchecpp\surcouchecpp\surcouchecpp\x64\debug\object.obj
f:\objectif3d\p3\exo\surcouchecpp\surcouchecpp\surcouchecpp\x64\debug\mathf.obj
f:\objectif3d\p3\exo\surcouchecpp\surcouchecpp\surcouchecpp\x64\debug\language.obj
f:\objectif3d\p3\exo\surcouchecpp\surcouchecpp\surcouchecpp\x64\debug\languagemanager.obj
f:\objectif3d\p3\exo\surcouchecpp\surcouchecpp\surcouchecpp\x64\debug\exception.obj
f:\objectif3d\p3\exo\surcouchecpp\surcouchecpp\surcouchecpp\x64\debug\func.obj
f:\objectif3d\p3\exo\surcouchecpp\surcouchecpp\surcouchecpp\x64\debug\eventargs.obj
f:\objectif3d\p3\exo\surcouchecpp\surcouchecpp\surcouchecpp\x64\debug\environment.obj
f:\objectif3d\p3\exo\surcouchecpp\surcouchecpp\surcouchecpp\x64\debug\datetime.obj
f:\objectif3d\p3\exo\surcouchecpp\surcouchecpp\surcouchecpp\x64\debug\console.obj
f:\objectif3d\p3\exo\surcouchecpp\surcouchecpp\surcouchecpp\x64\debug\confirmationbox.obj
f:\objectif3d\p3\exo\surcouchecpp\surcouchecpp\surcouchecpp\x64\debug\boxfile.obj
f:\objectif3d\p3\exo\surcouchecpp\surcouchecpp\surcouchecpp\x64\debug\activator.obj
f:\objectif3d\p3\exo\surcouchecpp\surcouchecpp\surcouchecpp\x64\debug\timer.obj
f:\objectif3d\p3\exo\surcouchecpp\surcouchecpp\surcouchecpp\x64\debug\elapsedeventargs.obj
f:\objectif3d\p3\exo\surcouchecpp\surcouchecpp\surcouchecpp\x64\debug\stringbuilder.obj
f:\objectif3d\p3\exo\surcouchecpp\surcouchecpp\surcouchecpp\x64\debug\regex.obj
f:\objectif3d\p3\exo\surcouchecpp\surcouchecpp\surcouchecpp\x64\debug\webclient.obj
f:\objectif3d\p3\exo\surcouchecpp\surcouchecpp\surcouchecpp\x64\debug\version.obj
f:\objectif3d\p3\exo\surcouchecpp\surcouchecpp\surcouchecpp\x64\debug\uri.obj
f:\objectif3d\p3\exo\surcouchecpp\surcouchecpp\surcouchecpp\x64\debug\type.obj
f:\objectif3d\p3\exo\surcouchecpp\surcouchecpp\surcouchecpp\x64\debug\timezone.obj
f:\objectif3d\p3\exo\surcouchecpp\surcouchecpp\surcouchecpp\x64\debug\random.obj
f:\objectif3d\p3\exo\surcouchecpp\surcouchecpp\surcouchecpp\x64\debug\string.obj
f:\objectif3d\p3\exo\surcouchecpp\surcouchecpp\surcouchecpp\x64\debug\integer.obj
f:\objectif3d\p3\exo\surcouchecpp\surcouchecpp\surcouchecpp\x64\debug\float.obj
f:\objectif3d\p3\exo\surcouchecpp\surcouchecpp\surcouchecpp\x64\debug\double.obj
f:\objectif3d\p3\exo\surcouchecpp\surcouchecpp\surcouchecpp\x64\debug\char.obj
f:\objectif3d\p3\exo\surcouchecpp\surcouchecpp\surcouchecpp\x64\debug\surcouchecpp.obj
f:\objectif3d\p3\exo\surcouchecpp\surcouchecpp\surcouchecpp\x64\debug\outofrange.obj
c:\users\hing1701\source\repos\surcouchecpp\surcouchecpp\x64\debug\vc142.pdb
c:\users\hing1701\source\repos\surcouchecpp\surcouchecpp\x64\debug\vc142.idb
c:\users\hing1701\source\repos\surcouchecpp\surcouchecpp\x64\debug\webcallback.obj
c:\users\hing1701\source\repos\surcouchecpp\surcouchecpp\x64\debug\downloadstringcompletedeventargs.obj
c:\users\hing1701\source\repos\surcouchecpp\surcouchecpp\x64\debug\downloadnetexception.obj
c:\users\hing1701\source\repos\surcouchecpp\surcouchecpp\x64\debug\asynccompletedeventargs.obj
c:\users\hing1701\source\repos\surcouchecpp\surcouchecpp\x64\debug\textwriter.obj
c:\users\hing1701\source\repos\surcouchecpp\surcouchecpp\x64\debug\textreader.obj
c:\users\hing1701\source\repos\surcouchecpp\surcouchecpp\x64\debug\streamwriter.obj
c:\users\hing1701\source\repos\surcouchecpp\surcouchecpp\x64\debug\streamreader.obj
c:\users\hing1701\source\repos\surcouchecpp\surcouchecpp\x64\debug\path.obj
c:\users\hing1701\source\repos\surcouchecpp\surcouchecpp\x64\debug\file.obj
c:\users\hing1701\source\repos\surcouchecpp\surcouchecpp\x64\debug\filesysteminfo.obj
c:\users\hing1701\source\repos\surcouchecpp\surcouchecpp\x64\debug\filestream.obj
c:\users\hing1701\source\repos\surcouchecpp\surcouchecpp\x64\debug\ioexception.obj
c:\users\hing1701\source\repos\surcouchecpp\surcouchecpp\x64\debug\drivetype.obj
c:\users\hing1701\source\repos\surcouchecpp\surcouchecpp\x64\debug\driveinfo.obj
c:\users\hing1701\source\repos\surcouchecpp\surcouchecpp\x64\debug\directoryinfo.obj
c:\users\hing1701\source\repos\surcouchecpp\surcouchecpp\x64\debug\directory.obj
c:\users\hing1701\source\repos\surcouchecpp\surcouchecpp\x64\debug\process.obj
c:\users\hing1701\source\repos\surcouchecpp\surcouchecpp\x64\debug\dictionary.obj
c:\users\hing1701\source\repos\surcouchecpp\surcouchecpp\x64\debug\surcouchecpp.obj
c:\users\hing1701\source\repos\surcouchecpp\surcouchecpp\x64\debug\byte.obj
c:\users\hing1701\source\repos\surcouchecpp\surcouchecpp\x64\debug\boolean.obj
c:\users\hing1701\source\repos\surcouchecpp\surcouchecpp\x64\debug\object.obj
c:\users\hing1701\source\repos\surcouchecpp\surcouchecpp\x64\debug\mathf.obj
c:\users\hing1701\source\repos\surcouchecpp\surcouchecpp\x64\debug\language.obj
c:\users\hing1701\source\repos\surcouchecpp\surcouchecpp\x64\debug\languagemanager.obj
c:\users\hing1701\source\repos\surcouchecpp\surcouchecpp\x64\debug\exception.obj
c:\users\hing1701\source\repos\surcouchecpp\surcouchecpp\x64\debug\func.obj
c:\users\hing1701\source\repos\surcouchecpp\surcouchecpp\x64\debug\eventargs.obj
c:\users\hing1701\source\repos\surcouchecpp\surcouchecpp\x64\debug\environment.obj
c:\users\hing1701\source\repos\surcouchecpp\surcouchecpp\x64\debug\datetime.obj
c:\users\hing1701\source\repos\surcouchecpp\surcouchecpp\x64\debug\console.obj
c:\users\hing1701\source\repos\surcouchecpp\surcouchecpp\x64\debug\confirmationbox.obj
c:\users\hing1701\source\repos\surcouchecpp\surcouchecpp\x64\debug\boxfile.obj
c:\users\hing1701\source\repos\surcouchecpp\surcouchecpp\x64\debug\activator.obj
c:\users\hing1701\source\repos\surcouchecpp\surcouchecpp\x64\debug\timer.obj
c:\users\hing1701\source\repos\surcouchecpp\surcouchecpp\x64\debug\elapsedeventargs.obj
c:\users\hing1701\source\repos\surcouchecpp\surcouchecpp\x64\debug\stringbuilder.obj
c:\users\hing1701\source\repos\surcouchecpp\surcouchecpp\x64\debug\regex.obj
c:\users\hing1701\source\repos\surcouchecpp\surcouchecpp\x64\debug\webclient.obj
c:\users\hing1701\source\repos\surcouchecpp\surcouchecpp\x64\debug\version.obj
c:\users\hing1701\source\repos\surcouchecpp\surcouchecpp\x64\debug\uri.obj
c:\users\hing1701\source\repos\surcouchecpp\surcouchecpp\x64\debug\type.obj
c:\users\hing1701\source\repos\surcouchecpp\surcouchecpp\x64\debug\timezone.obj
c:\users\hing1701\source\repos\surcouchecpp\surcouchecpp\x64\debug\random.obj
c:\users\hing1701\source\repos\surcouchecpp\surcouchecpp\x64\debug\string.obj
c:\users\hing1701\source\repos\surcouchecpp\surcouchecpp\x64\debug\integer.obj
c:\users\hing1701\source\repos\surcouchecpp\surcouchecpp\x64\debug\float.obj
c:\users\hing1701\source\repos\surcouchecpp\surcouchecpp\x64\debug\double.obj
c:\users\hing1701\source\repos\surcouchecpp\surcouchecpp\x64\debug\char.obj
c:\users\hing1701\source\repos\surcouchecpp\surcouchecpp\x64\debug\waithandle.obj
c:\users\hing1701\source\repos\surcouchecpp\surcouchecpp\x64\debug\task.obj
c:\users\hing1701\source\repos\surcouchecpp\surcouchecpp\x64\debug\group.obj
c:\users\hing1701\source\repos\surcouchecpp\surcouchecpp\x64\debug\capturecollection.obj
c:\users\hing1701\source\repos\surcouchecpp\surcouchecpp\x64\debug\capture.obj
c:\users\hing1701\source\repos\surcouchecpp\surcouchecpp\x64\debug\match.obj
f:\objectif3d\p3\exo\surcouchecpp\surcouchecpp\surcouchecpp\x64\debug\match.obj
f:\objectif3d\p3\exo\surcouchecpp\surcouchecpp\surcouchecpp\x64\debug\group.obj
f:\objectif3d\p3\exo\surcouchecpp\surcouchecpp\surcouchecpp\x64\debug\capture.obj
f:\objectif3d\p3\exo\surcouchecpp\surcouchecpp\surcouchecpp\x64\debug\capturecollection.obj
f:\objectif3d\p3\exo\surcouchecpp\surcouchecpp\surcouchecpp\x64\debug\groupcollection.obj
c:\users\hing1701\source\repos\surcouchecpp\surcouchecpp\x64\debug\groupcollection.obj
c:\users\hing1701\source\repos\surcouchecpp\surcouchecpp\x64\debug\memberinfo.obj
c:\users\hing1701\source\repos\surcouchecpp\surcouchecpp\x64\debug\customattributedata.obj
c:\users\hing1701\source\repos\surcouchecpp\surcouchecpp\x64\debug\outofrange.obj
c:\users\hing1701\source\repos\surcouchecpp\surcouchecpp\x64\debug\returntype.obj
f:\objectif3d\p3\exo\surcouchecpp\surcouchecpp\x64\debug\surcouchecpp.exe
f:\objectif3d\p3\exo\surcouchecpp\surcouchecpp\surcouchecpp\x64\debug\surcouchecpp.ilk
f:\objectif3d\p3\exo\surcouchecpp\surcouchecpp\x64\debug\surcouchecpp.pdb
c:\users\hing1701\source\repos\surcouchecpp\x64\debug\surcouchecpp.exe
c:\users\hing1701\source\repos\surcouchecpp\surcouchecpp\x64\debug\surcouchecpp.ilk
c:\users\hing1701\source\repos\surcouchecpp\x64\debug\surcouchecpp.pdb
c:\users\hing1701\source\repos\surcouchecpp\surcouchecpp\x64\debug\downloadprogress.obj
c:\users\hing1701\source\repos\surcouchecpp\surcouchecpp\x64\debug\surcouchecpp.tlog\cl.command.1.tlog
c:\users\hing1701\source\repos\surcouchecpp\surcouchecpp\x64\debug\surcouchecpp.tlog\cl.read.1.tlog
c:\users\hing1701\source\repos\surcouchecpp\surcouchecpp\x64\debug\surcouchecpp.tlog\cl.write.1.tlog
c:\users\hing1701\source\repos\surcouchecpp\surcouchecpp\x64\debug\surcouchecpp.tlog\link.command.1.tlog
c:\users\hing1701\source\repos\surcouchecpp\surcouchecpp\x64\debug\surcouchecpp.tlog\link.read.1.tlog
c:\users\hing1701\source\repos\surcouchecpp\surcouchecpp\x64\debug\surcouchecpp.tlog\link.write.1.tlog
